[2019-03-09T00:10:53.637] [INFO] [a6edd71b11fc4569b35ea70e70078541] zshop - Process GET /...
[2019-03-09T00:10:53.638] [INFO] [a6edd71b11fc4569b35ea70e70078541] zshop - ctx.response.status=404
[2019-03-09T00:16:15.464] [INFO] [800f667d4e374ce7a8a82b9e059becda] zshop - Process GET /...
[2019-03-09T00:16:15.464] [INFO] [800f667d4e374ce7a8a82b9e059becda] zshop - ctx.response.status=404
[2019-03-09T00:16:15.554] [INFO] [a9addd51d51e4e5bb88f1abb6e6862ea] zshop - Process GET /static/html/404.html...
[2019-03-09T00:16:15.555] [INFO] [a9addd51d51e4e5bb88f1abb6e6862ea] zshop - ctx.response.status=200
[2019-03-09T00:16:38.931] [INFO] [4bd2c8b364fb4abb87ff832444eba52e] zshop - Process GET /...
[2019-03-09T00:16:38.932] [INFO] [4bd2c8b364fb4abb87ff832444eba52e] zshop - ctx.response.status=404
[2019-03-09T00:16:39.032] [INFO] [d1f3119641b34e82b3faa8691a826b13] zshop - Process GET /static/html/404.html...
[2019-03-09T00:16:39.033] [INFO] [d1f3119641b34e82b3faa8691a826b13] zshop - ctx.response.status=200
[2019-03-09T00:18:13.706] [INFO] [f01142a771974b918e9917014c94224d] zshop - Process GET /...
[2019-03-09T00:18:13.706] [INFO] [f01142a771974b918e9917014c94224d] zshop - ctx.response.status=404
[2019-03-09T00:25:34.104] [INFO] [198559fa78e741708e3a9958554a076d] zshop - Process GET /...
[2019-03-09T00:25:34.105] [INFO] [198559fa78e741708e3a9958554a076d] zshop - ctx.response.status=404
[2019-03-09T00:25:34.782] [INFO] [7d942e22ea4e4c1c85e010450a4ffbc6] zshop - Process GET /static/html/404.html...
[2019-03-09T00:25:34.784] [INFO] [7d942e22ea4e4c1c85e010450a4ffbc6] zshop - ctx.response.status=200
[2019-03-09T00:28:21.441] [INFO] [e526905573bc46988b6a998c352c4971] zshop - Process GET /...
[2019-03-09T00:28:21.442] [INFO] [e526905573bc46988b6a998c352c4971] zshop - ctx.response.status=404
[2019-03-09T00:28:22.215] [INFO] [032e13e7854440cba1e5ff9841b7d499] zshop - Process GET /static/html/404.html...
[2019-03-09T00:28:22.216] [INFO] [032e13e7854440cba1e5ff9841b7d499] zshop - ctx.response.status=200
[2019-03-09T00:29:28.679] [INFO] [d9b42f3b95454533984adab9b21610e2] zshop - Process GET /blog/...
[2019-03-09T00:29:28.679] [INFO] [d9b42f3b95454533984adab9b21610e2] zshop - ctx.response.status=404
[2019-03-09T00:29:30.381] [INFO] [28522522dc6c4b10bbcfc1281993d684] zshop - Process GET /static/html/404.html...
[2019-03-09T00:29:30.382] [INFO] [28522522dc6c4b10bbcfc1281993d684] zshop - ctx.response.status=200
[2019-03-09T00:37:22.517] [INFO] [123f11b2f8674a6093985a6a812902bb] zshop - Process GET /...
[2019-03-09T00:37:22.517] [INFO] [123f11b2f8674a6093985a6a812902bb] zshop - ctx.response.status=404
[2019-03-09T00:41:11.270] [INFO] [6935301aa44442698e2d2d9f81218026] zshop - Process GET /...
[2019-03-09T00:41:11.271] [INFO] [6935301aa44442698e2d2d9f81218026] zshop - ctx.response.status=404
[2019-03-09T00:41:17.843] [INFO] [3afb0545fefb428abdbd8418acac0c8f] zshop - Process GET /...
[2019-03-09T00:41:17.844] [INFO] [3afb0545fefb428abdbd8418acac0c8f] zshop - ctx.response.status=404
[2019-03-09T00:41:30.690] [INFO] [cfb65c8d354a4c0d9336dac832d0dcf2] zshop - Process GET /...
[2019-03-09T00:41:30.691] [INFO] [cfb65c8d354a4c0d9336dac832d0dcf2] zshop - ctx.response.status=404
[2019-03-09T00:41:30.755] [INFO] [eab18605174c47c8af91738b32ccd451] zshop - Process GET /static/html/404.html...
[2019-03-09T00:41:30.756] [INFO] [eab18605174c47c8af91738b32ccd451] zshop - ctx.response.status=200
[2019-03-09T00:53:33.406] [INFO] [6cdc8fde7d114b59a5f5b55f3f62e656] zshop - Process GET /...
[2019-03-09T00:53:33.406] [INFO] [6cdc8fde7d114b59a5f5b55f3f62e656] zshop - ctx.response.status=404
[2019-03-09T00:53:33.473] [INFO] [f7a1ccb16ea54f97a86d6d36fce53f21] zshop - Process GET /static/html/404.html...
[2019-03-09T00:53:33.474] [INFO] [f7a1ccb16ea54f97a86d6d36fce53f21] zshop - ctx.response.status=200
[2019-03-09T00:56:30.234] [INFO] [0c18f3dc3e6543dcab8ae217c21be10c] zshop - Process GET /...
[2019-03-09T00:56:30.235] [INFO] [0c18f3dc3e6543dcab8ae217c21be10c] zshop - ctx.response.status=404
[2019-03-09T00:57:31.514] [INFO] [93913e2a492846bdbe2053ae3f727b1f] zshop - Process GET /...
[2019-03-09T00:57:31.515] [INFO] [93913e2a492846bdbe2053ae3f727b1f] zshop - ctx.response.status=404
[2019-03-09T01:06:20.890] [INFO] [4237070c35e34144ad379b7fe1f1b49c] zshop - Process GET /...
[2019-03-09T01:06:20.890] [INFO] [4237070c35e34144ad379b7fe1f1b49c] zshop - ctx.response.status=404
[2019-03-09T01:06:21.183] [INFO] [a23607f1e32a41e28c3633c4999f17f8] zshop - Process GET /static/html/404.html...
[2019-03-09T01:06:21.184] [INFO] [a23607f1e32a41e28c3633c4999f17f8] zshop - ctx.response.status=200
[2019-03-09T01:34:06.028] [INFO] [bb436052647541e9967907da8cba4854] zshop - Process GET /...
[2019-03-09T01:34:06.028] [INFO] [bb436052647541e9967907da8cba4854] zshop - ctx.response.status=404
[2019-03-09T01:38:44.504] [INFO] [24240d0a7eea47b08f2af428b69666f9] zshop - Process GET /...
[2019-03-09T01:38:44.505] [INFO] [24240d0a7eea47b08f2af428b69666f9] zshop - ctx.response.status=404
[2019-03-09T01:54:32.018] [INFO] [4563ba240bc24b3f924ebad618fda1ad] zshop - Process GET /...
[2019-03-09T01:54:32.018] [INFO] [4563ba240bc24b3f924ebad618fda1ad] zshop - ctx.response.status=404
[2019-03-09T02:00:46.799] [INFO] [db9b7514f5284150ae30a555b9e0524b] zshop - Process GET /...
[2019-03-09T02:00:46.800] [INFO] [db9b7514f5284150ae30a555b9e0524b] zshop - ctx.response.status=404
[2019-03-09T02:12:09.766] [INFO] [0e3f39bc417e4dc3a88a98f9b83345de] zshop - Process GET http://www.baidu.com/cache/global/img/gs.gif...
[2019-03-09T02:12:09.768] [INFO] [0e3f39bc417e4dc3a88a98f9b83345de] zshop - ctx.response.status=404
[2019-03-09T02:14:42.414] [INFO] [553dd8aa564c4e20b214b49f40a93353] zshop - Process GET /...
[2019-03-09T02:14:42.414] [INFO] [553dd8aa564c4e20b214b49f40a93353] zshop - ctx.response.status=404
[2019-03-09T03:46:00.793] [INFO] [6154c7971d4445f6aa35c49f1b1c0119] zshop - Process GET /...
[2019-03-09T03:46:00.794] [INFO] [6154c7971d4445f6aa35c49f1b1c0119] zshop - ctx.response.status=404
[2019-03-09T03:46:05.835] [INFO] [9b7d336b8142481ab5155491396eb7c1] zshop - Process GET /...
[2019-03-09T03:46:05.836] [INFO] [9b7d336b8142481ab5155491396eb7c1] zshop - ctx.response.status=404
[2019-03-09T03:46:05.925] [INFO] [45cddaaca5ae4e04adb6433ac29c30b0] zshop - Process GET /static/html/404.html...
[2019-03-09T03:46:05.927] [INFO] [45cddaaca5ae4e04adb6433ac29c30b0] zshop - ctx.response.status=200
[2019-03-09T04:02:07.007] [INFO] [6d6ff22b6c944bddb1cbb6018f984ede] zshop - Process GET /...
[2019-03-09T04:02:07.007] [INFO] [6d6ff22b6c944bddb1cbb6018f984ede] zshop - ctx.response.status=404
[2019-03-09T04:02:07.069] [INFO] [3381415ba10441de94588f9e9a3335df] zshop - Process GET /static/html/404.html...
[2019-03-09T04:02:07.070] [INFO] [3381415ba10441de94588f9e9a3335df] zshop - ctx.response.status=200
[2019-03-09T04:23:02.887] [INFO] [96372d75517a43c3a9762e7ae0c8a36c] zshop - Process GET /...
[2019-03-09T04:23:02.888] [INFO] [96372d75517a43c3a9762e7ae0c8a36c] zshop - ctx.response.status=404
[2019-03-09T04:28:03.369] [INFO] [2da1320e779a4cabb50a914df3d5d0b5] zshop - Process GET /...
[2019-03-09T04:28:03.369] [INFO] [2da1320e779a4cabb50a914df3d5d0b5] zshop - ctx.response.status=404
[2019-03-09T05:46:34.175] [INFO] [2cde66fb82ae47f5b42b5a5b937ddc54] zshop - Process GET /...
[2019-03-09T05:46:34.175] [INFO] [2cde66fb82ae47f5b42b5a5b937ddc54] zshop - ctx.response.status=404
[2019-03-09T05:57:28.023] [INFO] [219001db4a1a4ff4bbe6d68ce50dde55] zshop - Process GET /...
[2019-03-09T05:57:28.024] [INFO] [219001db4a1a4ff4bbe6d68ce50dde55] zshop - ctx.response.status=404
[2019-03-09T05:57:28.286] [INFO] [fb1fd5ceac534d50b63234aadb645c2b] zshop - Process GET /static/html/404.html...
[2019-03-09T05:57:28.287] [INFO] [fb1fd5ceac534d50b63234aadb645c2b] zshop - ctx.response.status=200
[2019-03-09T06:52:35.379] [INFO] [f2cb63172d6e48e5bf55b40105fcce2d] zshop - Process GET /...
[2019-03-09T06:52:35.380] [INFO] [f2cb63172d6e48e5bf55b40105fcce2d] zshop - ctx.response.status=404
[2019-03-09T07:27:12.090] [INFO] [787b3be9b25f48378da50550153cc731] zshop - Process GET /phpmyadmin/...
[2019-03-09T07:27:12.091] [INFO] [787b3be9b25f48378da50550153cc731] zshop - ctx.response.status=404
[2019-03-09T07:57:00.399] [INFO] [e45f63fd09b64094afd1c17bd81fb461] zshop - Process GET /...
[2019-03-09T07:57:00.400] [INFO] [e45f63fd09b64094afd1c17bd81fb461] zshop - ctx.response.status=404
[2019-03-09T08:20:17.294] [INFO] [59c2107dc9d44f4bab62084238690dfd] zshop - Process GET /...
[2019-03-09T08:20:17.295] [INFO] [59c2107dc9d44f4bab62084238690dfd] zshop - ctx.response.status=404
[2019-03-09T08:47:09.397] [INFO] [9d9fc90d319d4bb0a7917eaa210922b8] zshop - Process GET /...
[2019-03-09T08:47:09.398] [INFO] [9d9fc90d319d4bb0a7917eaa210922b8] zshop - ctx.response.status=404
[2019-03-09T09:17:27.256] [INFO] [357e2f8982b14459818ef4c0d24e60ea] zshop - Process GET /...
[2019-03-09T09:17:27.257] [INFO] [357e2f8982b14459818ef4c0d24e60ea] zshop - ctx.response.status=404
[2019-03-09T09:17:28.591] [INFO] [472b1bfef5584c19b062e71ebb269766] zshop - Process GET /...
[2019-03-09T09:17:28.591] [INFO] [472b1bfef5584c19b062e71ebb269766] zshop - ctx.response.status=404
[2019-03-09T09:17:28.661] [INFO] [8a8b6df0ad12467caf8cd00f7ed37cbd] zshop - Process GET /static/html/404.html...
[2019-03-09T09:17:28.662] [INFO] [8a8b6df0ad12467caf8cd00f7ed37cbd] zshop - ctx.response.status=200
[2019-03-09T09:18:55.618] [INFO] [5bfdec5b6e144b0f84cf2434ec3264e5] zshop - Process GET /...
[2019-03-09T09:18:55.619] [INFO] [5bfdec5b6e144b0f84cf2434ec3264e5] zshop - ctx.response.status=404
[2019-03-09T09:18:55.689] [INFO] [087c9c38f46d4103b609fa0b86886cfe] zshop - Process GET /static/html/404.html...
[2019-03-09T09:18:55.690] [INFO] [087c9c38f46d4103b609fa0b86886cfe] zshop - ctx.response.status=200
[2019-03-09T09:21:30.701] [INFO] [7ff2c2e2d8ea475a9734fc17d01a9f44] zshop - Process GET /...
[2019-03-09T09:21:30.701] [INFO] [7ff2c2e2d8ea475a9734fc17d01a9f44] zshop - ctx.response.status=404
[2019-03-09T09:21:30.767] [INFO] [2614f2d8a51e490fa79468aff27a6d23] zshop - Process GET /static/html/404.html...
[2019-03-09T09:21:30.768] [INFO] [2614f2d8a51e490fa79468aff27a6d23] zshop - ctx.response.status=200
[2019-03-09T09:23:47.682] [INFO] [c7c94f2f22ab48fcbe3b5cad13e0a968] zshop - Process GET /...
[2019-03-09T09:23:47.683] [INFO] [c7c94f2f22ab48fcbe3b5cad13e0a968] zshop - ctx.response.status=404
[2019-03-09T09:23:47.744] [INFO] [e3c7e503ae7d496d8febf405fa64e8da] zshop - Process GET /static/html/404.html...
[2019-03-09T09:23:47.745] [INFO] [e3c7e503ae7d496d8febf405fa64e8da] zshop - ctx.response.status=200
[2019-03-09T09:35:32.971] [INFO] [12e87222668f40ffa3aaa81e2cb2eeb9] zshop - Process GET /...
[2019-03-09T09:35:32.971] [INFO] [12e87222668f40ffa3aaa81e2cb2eeb9] zshop - ctx.response.status=404
[2019-03-09T09:35:33.039] [INFO] [2e6d3cff90a74d089ee242f8631ca471] zshop - Process GET /static/html/404.html...
[2019-03-09T09:35:33.040] [INFO] [2e6d3cff90a74d089ee242f8631ca471] zshop - ctx.response.status=200
[2019-03-09T09:49:32.717] [INFO] [4ce3ad3dcc1747e3baffd4d4ae5d9509] zshop - Process GET /...
[2019-03-09T09:49:32.718] [INFO] [4ce3ad3dcc1747e3baffd4d4ae5d9509] zshop - ctx.response.status=404
[2019-03-09T09:49:32.784] [INFO] [115346b27fb0412a834a22a87d59c2e4] zshop - Process GET /static/html/404.html...
[2019-03-09T09:49:32.785] [INFO] [115346b27fb0412a834a22a87d59c2e4] zshop - ctx.response.status=200
[2019-03-09T09:53:43.305] [INFO] [18ff1a8795d8465db98c89edc27064d1] zshop - Process GET /...
[2019-03-09T09:53:43.305] [INFO] [18ff1a8795d8465db98c89edc27064d1] zshop - ctx.response.status=404
[2019-03-09T09:58:24.554] [INFO] [e2a7dc64ef814a989f4477ebedd5ec57] zshop - Process GET /...
[2019-03-09T09:58:24.555] [INFO] [e2a7dc64ef814a989f4477ebedd5ec57] zshop - ctx.response.status=404
[2019-03-09T10:10:03.419] [INFO] [2b26b8779b3a4d768102a4d145af6e00] zshop - Process GET /...
[2019-03-09T10:10:03.419] [INFO] [2b26b8779b3a4d768102a4d145af6e00] zshop - ctx.response.status=404
[2019-03-09T10:10:03.487] [INFO] [f2c6348300ec4567a371f45a29d139ec] zshop - Process GET /static/html/404.html...
[2019-03-09T10:10:03.488] [INFO] [f2c6348300ec4567a371f45a29d139ec] zshop - ctx.response.status=200
[2019-03-09T10:22:03.179] [INFO] [bccbb04b03a34ae395f374d9c36d1df1] zshop - Process GET /...
[2019-03-09T10:22:03.179] [INFO] [bccbb04b03a34ae395f374d9c36d1df1] zshop - ctx.response.status=404
[2019-03-09T10:22:03.244] [INFO] [52bd3221761d42babf90ec530e7f4d03] zshop - Process GET /static/html/404.html...
[2019-03-09T10:22:03.245] [INFO] [52bd3221761d42babf90ec530e7f4d03] zshop - ctx.response.status=200
[2019-03-09T10:22:08.671] [INFO] [74f2138cb40c4bf895ca5d847ad3b0e9] zshop - Process GET /...
[2019-03-09T10:22:08.671] [INFO] [74f2138cb40c4bf895ca5d847ad3b0e9] zshop - ctx.response.status=404
[2019-03-09T10:22:08.698] [INFO] [7f970711cbb844208c54f65b0e064a79] zshop - Process GET /static/html/404.html...
[2019-03-09T10:22:08.699] [INFO] [7f970711cbb844208c54f65b0e064a79] zshop - ctx.response.status=200
[2019-03-09T10:29:02.617] [INFO] [4b7ea4e0227242729c3f3c99147179a6] zshop - Process GET /...
[2019-03-09T10:29:02.617] [INFO] [4b7ea4e0227242729c3f3c99147179a6] zshop - ctx.response.status=404
[2019-03-09T10:29:02.628] [INFO] [a1c8ab02b7cb4ebe9d4a04c215ab0347] zshop - Process GET /static/html/404.html...
[2019-03-09T10:29:02.629] [INFO] [a1c8ab02b7cb4ebe9d4a04c215ab0347] zshop - ctx.response.status=200
[2019-03-09T10:33:17.881] [INFO] [837676fc79494414981632d2555e2e57] zshop - Process GET /phpmyadmin/...
[2019-03-09T10:33:17.881] [INFO] [837676fc79494414981632d2555e2e57] zshop - ctx.response.status=404
[2019-03-09T10:38:03.448] [INFO] [6b6c0d9e204741db9695673df2b02c92] zshop - Process GET /...
[2019-03-09T10:38:03.450] [INFO] [6b6c0d9e204741db9695673df2b02c92] zshop - ctx.response.status=404
[2019-03-09T10:38:03.520] [INFO] [b2d5c44de47147c2b5218eee61ef77bf] zshop - Process GET /static/html/404.html...
[2019-03-09T10:38:03.521] [INFO] [b2d5c44de47147c2b5218eee61ef77bf] zshop - ctx.response.status=200
